<?xml version="1.0" encoding="UTF-8"?>
<!-- Generated by org.testng.reporters.JUnitReportReporter -->
<testsuite hostname="Vasant" failures="0" tests="4" name="com.testng.FB_SignUp_DDT" time="7.740" errors="0" timestamp="2025-04-27T13:52:12 IST" skipped="0">
  <testcase classname="com.testng.FB_SignUp_DDT" name="createFBAccount" time="1.929"/>
  <system-out/>
  <testcase classname="com.testng.FB_SignUp_DDT" name="createFBAccount" time="1.757"/>
  <system-out/>
  <testcase classname="com.testng.FB_SignUp_DDT" name="createFBAccount" time="2.158"/>
  <system-out/>
  <testcase classname="com.testng.FB_SignUp_DDT" name="createFBAccount" time="1.896"/>
  <system-out/>
</testsuite> <!-- com.testng.FB_SignUp_DDT -->
