<?xml version="1.0" encoding="UTF-8"?>
<!-- Generated by org.testng.reporters.JUnitReportReporter -->
<testsuite hostname="Vasant" failures="0" tests="2" name="com.testng.TestNGAnnotations" time="0.088" errors="0" timestamp="2025-04-20T11:32:18 IST" skipped="0">
  <testcase classname="com.testng.TestNGAnnotations" name="test2" time="0.031"/>
  <system-out/>
  <testcase classname="com.testng.TestNGAnnotations" name="test1" time="0.057"/>
  <system-out/>
</testsuite> <!-- com.testng.TestNGAnnotations -->
