<?xml version="1.0" encoding="UTF-8"?>
<!-- Generated by org.testng.reporters.JUnitReportReporter -->
<testsuite hostname="Vasant" failures="0" tests="2" name="com.testng.DataDrivenTesting" time="0.046" errors="0" timestamp="2025-04-27T12:36:13 IST" skipped="0">
  <testcase classname="com.testng.DataDrivenTesting" name="testObjData" time="0.041"/>
  <system-out/>
  <testcase classname="com.testng.DataDrivenTesting" name="testObjData" time="0.005"/>
  <system-out/>
</testsuite> <!-- com.testng.DataDrivenTesting -->
