<?xml version="1.0" encoding="UTF-8"?>
<!-- Generated by org.testng.reporters.JUnitReportReporter -->
<testsuite hostname="Vasant" failures="0" tests="4" name="com.testng.DefaultTestExecutionInTestNG" time="0.042" errors="0" timestamp="2025-04-20T11:41:21 IST" skipped="0">
  <testcase classname="com.testng.DefaultTestExecutionInTestNG" name="create_account" time="0.022"/>
  <system-out/>
  <testcase classname="com.testng.DefaultTestExecutionInTestNG" name="login" time="0.011"/>
  <system-out/>
  <testcase classname="com.testng.DefaultTestExecutionInTestNG" name="logout" time="0.003"/>
  <system-out/>
  <testcase classname="com.testng.DefaultTestExecutionInTestNG" name="update_account" time="0.006"/>
  <system-out/>
</testsuite> <!-- com.testng.DefaultTestExecutionInTestNG -->
