<?xml version="1.0" encoding="UTF-8"?>
<!-- Generated by org.testng.reporters.JUnitReportReporter -->
<testsuite hostname="Vasant" failures="0" tests="2" name="com.testng.GroupsTestInTestNG" time="0.032" errors="0" timestamp="2025-04-27T14:00:48 IST" skipped="0">
  <testcase classname="com.testng.GroupsTestInTestNG" name="regressionTest" time="0.008"/>
  <system-out/>
  <testcase classname="com.testng.GroupsTestInTestNG" name="endToEndTest" time="0.024"/>
  <system-out/>
</testsuite> <!-- com.testng.GroupsTestInTestNG -->
