<?xml version="1.0" encoding="UTF-8"?>
<!-- Generated by org.testng.reporters.JUnitReportReporter -->
<testsuite hostname="Vasant" failures="0" tests="1" name="com.testng.ParameterizationTestInTestNG" time="0.033" errors="0" timestamp="2025-04-20T13:16:53 IST" skipped="0">
  <testcase classname="com.testng.ParameterizationTestInTestNG" name="parameterTest" time="0.033"/>
  <system-out/>
</testsuite> <!-- com.testng.ParameterizationTestInTestNG -->
