<?xml version="1.0" encoding="UTF-8"?>
<!-- Generated by org.testng.reporters.JUnitReportReporter -->
<testsuite hostname="Vasant" failures="0" tests="1" name="com.testng.TestNGTest" time="0.045" errors="0" timestamp="2025-04-20T11:32:18 IST" skipped="0">
  <testcase classname="com.testng.TestNGTest" name="test" time="0.045"/>
  <system-out/>
</testsuite> <!-- com.testng.TestNGTest -->
