<?xml version="1.0" encoding="UTF-8"?>
<!-- Generated by org.testng.reporters.JUnitReportReporter -->
<testsuite hostname="Vasant" failures="0" tests="4" name="com.testng.ValidateFBLoginPageTC" time="1.395" errors="0" timestamp="2025-04-20T14:18:37 IST" skipped="0">
  <testcase classname="com.testng.ValidateFBLoginPageTC" name="validateFBTitle" time="0.102"/>
  <system-out>
    <![CDATA[ validate Facebook title ]]>
  </system-out>
  <testcase classname="com.testng.ValidateFBLoginPageTC" name="validateAUTURL" time="0.080"/>
  <system-out>
    <![CDATA[ validate Facebook URL ]]>
  </system-out>
  <testcase classname="com.testng.ValidateFBLoginPageTC" name="validateFBLogoIsDisplayed" time="0.961"/>
  <system-out>
    <![CDATA[ validate Facebook Logo is displayed ]]>
  </system-out>
  <testcase classname="com.testng.ValidateFBLoginPageTC" name="validateFBLoginFormIsDisplayed" time="0.252"/>
  <system-out>
    <![CDATA[ validate Facebook form is displayed  ]]>
  </system-out>
</testsuite> <!-- com.testng.ValidateFBLoginPageTC -->
