<?xml version="1.0" encoding="UTF-8"?>
<!-- Generated by org.testng.reporters.JUnitReportReporter -->
<testsuite hostname="Vasant" failures="0" tests="6" name="com.testng.PriortiesTestInTestNG" time="0.090" errors="0" timestamp="2025-04-20T11:48:19 IST" skipped="0">
  <testcase classname="com.testng.PriortiesTestInTestNG" name="logout" time="0.035"/>
  <system-out/>
  <testcase classname="com.testng.PriortiesTestInTestNG" name="update_account" time="0.027"/>
  <system-out/>
  <testcase classname="com.testng.PriortiesTestInTestNG" name="withdraw_amount" time="0.010"/>
  <system-out/>
  <testcase classname="com.testng.PriortiesTestInTestNG" name="deposit_amount" time="0.007"/>
  <system-out/>
  <testcase classname="com.testng.PriortiesTestInTestNG" name="login" time="0.005"/>
  <system-out/>
  <testcase classname="com.testng.PriortiesTestInTestNG" name="create_account" time="0.006"/>
  <system-out/>
</testsuite> <!-- com.testng.PriortiesTestInTestNG -->
