<?xml version="1.0" encoding="UTF-8"?>
<!-- Generated by org.testng.reporters.JUnitReportReporter -->
<testsuite hostname="Vasant" failures="0" tests="5" name="com.testng.DisableTestInTestNG" time="0.066" errors="0" timestamp="2025-04-20T11:55:01 IST" skipped="2">
  <testcase classname="com.testng.DisableTestInTestNG" name="test3" time="0.006"/>
  <system-out/>
  <testcase classname="com.testng.DisableTestInTestNG" name="test5" time="0.014"/>
  <system-out/>
  <testcase classname="com.testng.DisableTestInTestNG" name="test1" time="0.046"/>
  <system-out/>
  <testcase classname="com.testng.DisableTestInTestNG" name="test4">
    <skipped/>
  </testcase> <!-- test4 -->
  <system-out/>
  <testcase classname="com.testng.DisableTestInTestNG" name="test2">
    <skipped/>
  </testcase> <!-- test2 -->
  <system-out/>
</testsuite> <!-- com.testng.DisableTestInTestNG -->
