<?xml version="1.0" encoding="UTF-8"?>
<!-- Generated by org.testng.reporters.JUnitReportReporter -->
<testsuite hostname="Vasant" failures="0" tests="1" name="com.testng.FailedTestExecution" time="0.032" errors="0" timestamp="2025-04-27T12:12:28 IST" skipped="0">
  <testcase classname="com.testng.FailedTestExecution" name="test5" time="0.032"/>
  <system-out/>
</testsuite> <!-- com.testng.FailedTestExecution -->
